<?xml version="1.0" encoding="UTF-8"?>
<!-- Generated by org.testng.reporters.JUnitReportReporter -->
<testsuite skipped="0" hostname="LAPTOP-ESD1NT2A" name="com.qa.tests.ProductTests" tests="2" failures="0" timestamp="2022-12-06T17:34:38 IST" time="27.955" errors="0">
  <testcase name="validateProductOnProductsPage" time="12.105" classname="com.qa.tests.ProductTests"/>
  <system-out/>
  <testcase name="validateProductOnProductDetailsPage" time="15.850" classname="com.qa.tests.ProductTests"/>
  <system-out/>
</testsuite> <!-- com.qa.tests.ProductTests -->
